<?xml version="1.0" encoding="UTF-8" ?>
<testsuite name="cxxtest" date="Thu Dec 18 12:43:22 2014" tests="2" errors="0" failures="0" time="0" >
    <testcase classname="IsPrimeTest" name="test_Unit_Test_1" line="16" />
    <testcase classname="IsPrimeTest" name="test_Unit_Test_2" line="25" />
</testsuite>
